0 info it worked if it ends with ok
1 verbose cli [ 'node', '/usr/local/bin/npm', 'install', '-g', 'localtunnel' ]
2 info using npm@1.4.28
3 info using node@v0.10.35
4 verbose cache add [ 'localtunnel', null ]
5 verbose cache add name=undefined spec="localtunnel" args=["localtunnel",null]
6 verbose parsed url { protocol: null,
6 verbose parsed url   slashes: null,
6 verbose parsed url   auth: null,
6 verbose parsed url   host: null,
6 verbose parsed url   port: null,
6 verbose parsed url   hostname: null,
6 verbose parsed url   hash: null,
6 verbose parsed url   search: null,
6 verbose parsed url   query: null,
6 verbose parsed url   pathname: 'localtunnel',
6 verbose parsed url   path: 'localtunnel',
6 verbose parsed url   href: 'localtunnel' }
7 silly lockFile a0661bc8-localtunnel localtunnel
8 verbose lock localtunnel /Users/Emma/.npm/a0661bc8-localtunnel.lock
9 silly lockFile a0661bc8-localtunnel localtunnel
10 silly lockFile a0661bc8-localtunnel localtunnel
11 verbose addNamed [ 'localtunnel', '' ]
12 verbose addNamed [ null, '*' ]
13 silly lockFile c752cf78-localtunnel localtunnel@
14 verbose lock localtunnel@ /Users/Emma/.npm/c752cf78-localtunnel.lock
15 silly addNameRange { name: 'localtunnel', range: '*', hasData: false }
16 verbose request where is /localtunnel
17 verbose request registry https://registry.npmjs.org/
18 verbose request id 1807a891296c1639
19 verbose url raw /localtunnel
20 verbose url resolving [ 'https://registry.npmjs.org/', './localtunnel' ]
21 verbose url resolved https://registry.npmjs.org/localtunnel
22 verbose request where is https://registry.npmjs.org/localtunnel
23 info trying registry request attempt 1 at 16:10:49
24 verbose etag "9B08911PA6K85WOL32SUXAAC"
25 http GET https://registry.npmjs.org/localtunnel
26 http 304 https://registry.npmjs.org/localtunnel
27 silly registry.get cb [ 304,
27 silly registry.get   { date: 'Thu, 07 May 2015 23:10:48 GMT',
27 silly registry.get     via: '1.1 varnish',
27 silly registry.get     'last-modified': 'Thu, 07 May 2015 23:10:48 GMT',
27 silly registry.get     'cache-control': 'max-age=60',
27 silly registry.get     etag: '"9B08911PA6K85WOL32SUXAAC"',
27 silly registry.get     age: '0',
27 silly registry.get     connection: 'keep-alive',
27 silly registry.get     'x-served-by': 'cache-lax1431-LAX',
27 silly registry.get     'x-cache': 'HIT',
27 silly registry.get     'x-cache-hits': '1',
27 silly registry.get     'x-timer': 'S1431040248.772045,VS0,VE184',
27 silly registry.get     vary: 'Accept' } ]
28 verbose etag https://registry.npmjs.org/localtunnel from cache
29 silly addNameRange number 2 { name: 'localtunnel', range: '*', hasData: true }
30 silly addNameRange versions [ 'localtunnel',
30 silly addNameRange   [ '0.0.0',
30 silly addNameRange     '0.0.1',
30 silly addNameRange     '0.0.2',
30 silly addNameRange     '0.0.3',
30 silly addNameRange     '0.0.4',
30 silly addNameRange     '0.1.0',
30 silly addNameRange     '0.1.1',
30 silly addNameRange     '0.1.2',
30 silly addNameRange     '0.1.3',
30 silly addNameRange     '0.2.0',
30 silly addNameRange     '0.2.1',
30 silly addNameRange     '0.2.2',
30 silly addNameRange     '1.0.0',
30 silly addNameRange     '1.1.0',
30 silly addNameRange     '1.1.1',
30 silly addNameRange     '1.1.2',
30 silly addNameRange     '1.2.0',
30 silly addNameRange     '1.3.0',
30 silly addNameRange     '1.4.0',
30 silly addNameRange     '1.5.0' ] ]
31 verbose addNamed [ 'localtunnel', '1.5.0' ]
32 verbose addNamed [ '1.5.0', '1.5.0' ]
33 silly lockFile 75a53410-localtunnel-1-5-0 localtunnel@1.5.0
34 verbose lock localtunnel@1.5.0 /Users/Emma/.npm/75a53410-localtunnel-1-5-0.lock
35 silly lockFile 75a53410-localtunnel-1-5-0 localtunnel@1.5.0
36 silly lockFile 75a53410-localtunnel-1-5-0 localtunnel@1.5.0
37 silly lockFile c752cf78-localtunnel localtunnel@
38 silly lockFile c752cf78-localtunnel localtunnel@
39 silly resolved [ { author: { name: 'Roman Shtylman', email: 'shtylman@gmail.com' },
39 silly resolved     name: 'localtunnel',
39 silly resolved     description: 'expose localhost to the world',
39 silly resolved     version: '1.5.0',
39 silly resolved     repository:
39 silly resolved      { type: 'git',
39 silly resolved        url: 'git://github.com/shtylman/localtunnel.git' },
39 silly resolved     dependencies: { request: '2.11.4', optimist: '0.3.4', debug: '0.7.4' },
39 silly resolved     devDependencies: { mocha: '~1.17.0' },
39 silly resolved     scripts: { test: 'mocha --ui qunit --reporter list --timeout 10000 -- test/index.js' },
39 silly resolved     bin: { lt: './bin/client' },
39 silly resolved     main: './client.js',
39 silly resolved     gitHead: 'a6845ec63bd4f485f3c45c4272eb38733448ee05',
39 silly resolved     bugs: { url: 'https://github.com/shtylman/localtunnel/issues' },
39 silly resolved     homepage: 'https://github.com/shtylman/localtunnel',
39 silly resolved     _id: 'localtunnel@1.5.0',
39 silly resolved     _shasum: '5be949779325e9f3273021a3f38d2e7a8dcd7c4f',
39 silly resolved     _from: 'localtunnel@',
39 silly resolved     _npmVersion: '1.4.23',
39 silly resolved     _npmUser: { name: 'shtylman', email: 'shtylman@gmail.com' },
39 silly resolved     maintainers: [ [Object] ],
39 silly resolved     dist:
39 silly resolved      { shasum: '5be949779325e9f3273021a3f38d2e7a8dcd7c4f',
39 silly resolved        tarball: 'http://registry.npmjs.org/localtunnel/-/localtunnel-1.5.0.tgz' },
39 silly resolved     directories: {},
39 silly resolved     _resolved: 'https://registry.npmjs.org/localtunnel/-/localtunnel-1.5.0.tgz',
39 silly resolved     readme: 'ERROR: No README data found!' } ]
40 info install localtunnel@1.5.0 into /usr/local/lib
41 info installOne localtunnel@1.5.0
42 verbose lib/node_modules/localtunnel unbuild
43 verbose tar unpack /Users/Emma/.npm/localtunnel/1.5.0/package.tgz
44 silly lockFile 64ac3b3b-cal-lib-node-modules-localtunnel tar:///usr/local/lib/node_modules/localtunnel
45 verbose lock tar:///usr/local/lib/node_modules/localtunnel /Users/Emma/.npm/64ac3b3b-cal-lib-node-modules-localtunnel.lock
46 silly lockFile c3fe9a8b-pm-localtunnel-1-5-0-package-tgz tar:///Users/Emma/.npm/localtunnel/1.5.0/package.tgz
47 verbose lock tar:///Users/Emma/.npm/localtunnel/1.5.0/package.tgz /Users/Emma/.npm/c3fe9a8b-pm-localtunnel-1-5-0-package-tgz.lock
48 silly gunzTarPerm modes [ '755', '644' ]
49 error Error: EACCES, mkdir '/usr/local/lib/node_modules/localtunnel'
49 error  { [Error: EACCES, mkdir '/usr/local/lib/node_modules/localtunnel']
49 error   errno: 3,
49 error   code: 'EACCES',
49 error   path: '/usr/local/lib/node_modules/localtunnel',
49 error   fstream_type: 'Directory',
49 error   fstream_path: '/usr/local/lib/node_modules/localtunnel',
49 error   fstream_class: 'DirWriter',
49 error   fstream_stack:
49 error    [ '/usr/local/lib/node_modules/npm/node_modules/fstream/lib/dir-writer.js:36:23',
49 error      '/usr/local/lib/node_modules/npm/node_modules/mkdirp/index.js:46:53',
49 error      'Object.oncomplete (fs.js:108:15)' ] }
50 error Please try running this command again as root/Administrator.
51 error System Darwin 14.0.0
52 error command "node" "/usr/local/bin/npm" "install" "-g" "localtunnel"
53 error cwd /Users/Emma/Desktop/Stanford/MED275B/comply
54 error node -v v0.10.35
55 error npm -v 1.4.28
56 error path /usr/local/lib/node_modules/localtunnel
57 error fstream_path /usr/local/lib/node_modules/localtunnel
58 error fstream_type Directory
59 error fstream_class DirWriter
60 error code EACCES
61 error errno 3
62 error stack Error: EACCES, mkdir '/usr/local/lib/node_modules/localtunnel'
63 error fstream_stack /usr/local/lib/node_modules/npm/node_modules/fstream/lib/dir-writer.js:36:23
63 error fstream_stack /usr/local/lib/node_modules/npm/node_modules/mkdirp/index.js:46:53
63 error fstream_stack Object.oncomplete (fs.js:108:15)
64 verbose exit [ 3, true ]
